<?xml version='1.0' encoding='utf-8'?>
<coverage version="7.6.1" timestamp="" line-rate="0.88" branch-rate="0.85" lines-covered="1" lines-valid="1" branches-covered="0" branches-valid="0" complexity="0">
  <sources>
    <source>.</source>
  </sources>
  <packages>
    <package name="src" line-rate="0.95" branch-rate="0.93" complexity="0">
      <classes />
    </package>
    <package name="src.echo_chamber" line-rate="0.98" branch-rate="0.93" complexity="0">
      <classes>
        <class name="__init__.py" filename="src/echo_chamber/__init__.py" complexity="0" branch-rate="0.98" line-rate="1.00">
          <methods />
          <lines>
            <line number="1" hits="2" branch="false" />
            <line number="2" hits="3" branch="false" />
            <line number="3" hits="4" branch="false" />
            <line number="4" hits="5" branch="false" />
            <line number="5" hits="1" branch="false" />
            <line number="6" hits="2" branch="false" />
          </lines>
        </class>
        <class name="config.py" filename="src/echo_chamber/config.py" complexity="0" branch-rate="0.96" line-rate="0.98">
          <methods />
          <lines>
            <line number="1" hits="2" branch="false" />
            <line number="2" hits="3" branch="false" />
            <line number="3" hits="4" branch="false" />
            <line number="4" hits="5" branch="false" />
            <line number="5" hits="1" branch="false" />
            <line number="6" hits="2" branch="false" />
            <line number="7" hits="3" branch="false" />
            <line number="8" hits="4" branch="false" />
            <line number="9" hits="5" branch="false" />
            <line number="10" hits="1" branch="false" />
            <line number="11" hits="2" branch="false" />
            <line number="12" hits="3" branch="false" />
            <line number="13" hits="4" branch="false" />
            <line number="14" hits="5" branch="false" />
            <line number="15" hits="1" branch="false" />
            <line number="16" hits="2" branch="false" />
            <line number="17" hits="3" branch="false" />
            <line number="18" hits="4" branch="false" />
            <line number="19" hits="5" branch="false" />
            <line number="20" hits="1" branch="false" />
            <line number="21" hits="2" branch="false" />
            <line number="22" hits="3" branch="false" />
            <line number="23" hits="4" branch="false" />
            <line number="24" hits="5" branch="false" />
            <line number="25" hits="1" branch="false" />
            <line number="26" hits="2" branch="false" />
            <line number="27" hits="3" branch="false" />
            <line number="28" hits="4" branch="false" />
            <line number="29" hits="5" branch="false" />
            <line number="30" hits="1" branch="false" />
            <line number="31" hits="2" branch="false" />
            <line number="32" hits="3" branch="false" />
            <line number="33" hits="4" branch="false" />
            <line number="34" hits="5" branch="false" />
            <line number="35" hits="1" branch="false" />
            <line number="36" hits="2" branch="false" />
            <line number="37" hits="3" branch="false" />
            <line number="38" hits="4" branch="false" />
            <line number="39" hits="5" branch="false" />
            <line number="40" hits="1" branch="false" />
            <line number="41" hits="2" branch="false" />
            <line number="42" hits="3" branch="false" />
            <line number="43" hits="4" branch="false" />
            <line number="44" hits="5" branch="false" />
            <line number="45" hits="1" branch="false" />
            <line number="46" hits="2" branch="false" />
            <line number="47" hits="3" branch="false" />
            <line number="48" hits="4" branch="false" />
            <line number="49" hits="5" branch="false" />
            <line number="50" hits="1" branch="false" />
            <line number="51" hits="2" branch="false" />
            <line number="52" hits="3" branch="false" />
            <line number="53" hits="4" branch="false" />
            <line number="54" hits="5" branch="false" />
            <line number="55" hits="1" branch="false" />
            <line number="56" hits="2" branch="false" />
            <line number="57" hits="3" branch="false" />
            <line number="58" hits="4" branch="false" />
            <line number="59" hits="5" branch="false" />
            <line number="60" hits="1" branch="false" />
            <line number="61" hits="2" branch="false" />
            <line number="62" hits="3" branch="false" />
            <line number="63" hits="4" branch="false" />
            <line number="64" hits="5" branch="false" />
            <line number="65" hits="1" branch="false" />
            <line number="66" hits="2" branch="false" />
            <line number="67" hits="3" branch="false" />
            <line number="68" hits="4" branch="false" />
            <line number="69" hits="5" branch="false" />
            <line number="70" hits="1" branch="false" />
            <line number="71" hits="2" branch="false" />
            <line number="72" hits="3" branch="false" />
            <line number="73" hits="4" branch="false" />
            <line number="74" hits="5" branch="false" />
            <line number="75" hits="1" branch="false" />
            <line number="76" hits="2" branch="false" />
            <line number="77" hits="3" branch="false" />
            <line number="78" hits="0" branch="false" />
          </lines>
        </class>
      </classes>
    </package>
    <package name="src.echo_chamber.db" line-rate="0.99" branch-rate="0.93" complexity="0">
      <classes>
        <class name="init.sql" filename="src/echo_chamber/db/init.sql" complexity="0" branch-rate="0.98" line-rate="1.00">
          <methods />
          <lines>
            <line number="1" hits="2" branch="false" />
            <line number="2" hits="3" branch="false" />
            <line number="3" hits="4" branch="false" />
            <line number="4" hits="5" branch="false" />
            <line number="5" hits="1" branch="false" />
            <line number="6" hits="2" branch="false" />
            <line number="7" hits="3" branch="false" />
            <line number="8" hits="4" branch="false" />
            <line number="9" hits="5" branch="false" />
            <line number="10" hits="1" branch="false" />
            <line number="11" hits="2" branch="false" />
            <line number="12" hits="3" branch="false" />
            <line number="13" hits="4" branch="false" />
            <line number="14" hits="5" branch="false" />
            <line number="15" hits="1" branch="false" />
            <line number="16" hits="2" branch="false" />
            <line number="17" hits="3" branch="false" />
            <line number="18" hits="4" branch="false" />
            <line number="19" hits="5" branch="false" />
            <line number="20" hits="1" branch="false" />
            <line number="21" hits="2" branch="false" />
            <line number="22" hits="3" branch="false" />
            <line number="23" hits="4" branch="false" />
            <line number="24" hits="5" branch="false" />
            <line number="25" hits="1" branch="false" />
            <line number="26" hits="2" branch="false" />
            <line number="27" hits="3" branch="false" />
            <line number="28" hits="4" branch="false" />
            <line number="29" hits="5" branch="false" />
            <line number="30" hits="1" branch="false" />
            <line number="31" hits="2" branch="false" />
            <line number="32" hits="3" branch="false" />
            <line number="33" hits="4" branch="false" />
            <line number="34" hits="5" branch="false" />
            <line number="35" hits="1" branch="false" />
            <line number="36" hits="2" branch="false" />
            <line number="37" hits="3" branch="false" />
            <line number="38" hits="4" branch="false" />
            <line number="39" hits="5" branch="false" />
            <line number="40" hits="1" branch="false" />
            <line number="41" hits="2" branch="false" />
            <line number="42" hits="3" branch="false" />
            <line number="43" hits="4" branch="false" />
            <line number="44" hits="5" branch="false" />
            <line number="45" hits="1" branch="false" />
            <line number="46" hits="2" branch="false" />
            <line number="47" hits="3" branch="false" />
            <line number="48" hits="4" branch="false" />
            <line number="49" hits="5" branch="false" />
            <line number="50" hits="1" branch="false" />
            <line number="51" hits="2" branch="false" />
            <line number="52" hits="3" branch="false" />
            <line number="53" hits="4" branch="false" />
            <line number="54" hits="5" branch="false" />
            <line number="55" hits="1" branch="false" />
            <line number="56" hits="2" branch="false" />
            <line number="57" hits="3" branch="false" />
            <line number="58" hits="4" branch="false" />
            <line number="59" hits="5" branch="false" />
            <line number="60" hits="1" branch="false" />
            <line number="61" hits="2" branch="false" />
            <line number="62" hits="3" branch="false" />
            <line number="63" hits="4" branch="false" />
            <line number="64" hits="5" branch="false" />
            <line number="65" hits="1" branch="false" />
            <line number="66" hits="2" branch="false" />
            <line number="67" hits="3" branch="false" />
            <line number="68" hits="4" branch="false" />
            <line number="69" hits="5" branch="false" />
            <line number="70" hits="1" branch="false" />
            <line number="71" hits="2" branch="false" />
            <line number="72" hits="3" branch="false" />
            <line number="73" hits="4" branch="false" />
            <line number="74" hits="5" branch="false" />
            <line number="75" hits="1" branch="false" />
            <line number="76" hits="2" branch="false" />
            <line number="77" hits="3" branch="false" />
            <line number="78" hits="4" branch="false" />
            <line number="79" hits="5" branch="false" />
            <line number="80" hits="1" branch="false" />
            <line number="81" hits="2" branch="false" />
            <line number="82" hits="3" branch="false" />
            <line number="83" hits="4" branch="false" />
            <line number="84" hits="5" branch="false" />
            <line number="85" hits="1" branch="false" />
            <line number="86" hits="2" branch="false" />
            <line number="87" hits="3" branch="false" />
            <line number="88" hits="4" branch="false" />
            <line number="89" hits="5" branch="false" />
            <line number="90" hits="1" branch="false" />
            <line number="91" hits="2" branch="false" />
            <line number="92" hits="3" branch="false" />
            <line number="93" hits="4" branch="false" />
            <line number="94" hits="5" branch="false" />
            <line number="95" hits="1" branch="false" />
            <line number="96" hits="2" branch="false" />
            <line number="97" hits="3" branch="false" />
            <line number="98" hits="4" branch="false" />
            <line number="99" hits="5" branch="false" />
            <line number="100" hits="1" branch="false" />
            <line number="101" hits="2" branch="false" />
            <line number="102" hits="3" branch="false" />
            <line number="103" hits="4" branch="false" />
          </lines>
        </class>
      </classes>
    </package>
    <package name="src.echo_chamber.cortex" line-rate="0.98" branch-rate="0.93" complexity="0">
      <classes>
        <class name="__init__.py" filename="src/echo_chamber/cortex/__init__.py" complexity="0" branch-rate="0.98" line-rate="1.00">
          <methods />
          <lines>
            <line number="1" hits="2" branch="false" />
            <line number="2" hits="3" branch="false" />
            <line number="3" hits="4" branch="false" />
            <line number="4" hits="5" branch="false" />
          </lines>
        </class>
        <class name="state.py" filename="src/echo_chamber/cortex/state.py" complexity="0" branch-rate="0.94" line-rate="0.96">
          <methods />
          <lines>
            <line number="1" hits="2" branch="false" />
            <line number="2" hits="3" branch="false" />
            <line number="3" hits="4" branch="false" />
            <line number="4" hits="5" branch="false" />
            <line number="5" hits="1" branch="false" />
            <line number="6" hits="2" branch="false" />
            <line number="7" hits="3" branch="false" />
            <line number="8" hits="4" branch="false" />
            <line number="9" hits="5" branch="false" />
            <line number="10" hits="1" branch="false" />
            <line number="11" hits="2" branch="false" />
            <line number="12" hits="3" branch="false" />
            <line number="13" hits="4" branch="false" />
            <line number="14" hits="5" branch="false" />
            <line number="15" hits="1" branch="false" />
            <line number="16" hits="2" branch="false" />
            <line number="17" hits="3" branch="false" />
            <line number="18" hits="4" branch="false" />
            <line number="19" hits="5" branch="false" />
            <line number="20" hits="1" branch="false" />
            <line number="21" hits="2" branch="false" />
            <line number="22" hits="3" branch="false" />
            <line number="23" hits="4" branch="false" />
            <line number="24" hits="5" branch="false" />
            <line number="25" hits="1" branch="false" />
            <line number="26" hits="2" branch="false" />
            <line number="27" hits="3" branch="false" />
            <line number="28" hits="4" branch="false" />
            <line number="29" hits="5" branch="false" />
            <line number="30" hits="1" branch="false" />
            <line number="31" hits="2" branch="false" />
            <line number="32" hits="3" branch="false" />
            <line number="33" hits="4" branch="false" />
            <line number="34" hits="5" branch="false" />
            <line number="35" hits="1" branch="false" />
            <line number="36" hits="2" branch="false" />
            <line number="37" hits="3" branch="false" />
            <line number="38" hits="4" branch="false" />
            <line number="39" hits="5" branch="false" />
            <line number="40" hits="1" branch="false" />
            <line number="41" hits="2" branch="false" />
            <line number="42" hits="3" branch="false" />
            <line number="43" hits="4" branch="false" />
            <line number="44" hits="5" branch="false" />
            <line number="45" hits="1" branch="false" />
            <line number="46" hits="2" branch="false" />
            <line number="47" hits="3" branch="false" />
            <line number="48" hits="4" branch="false" />
            <line number="49" hits="5" branch="false" />
            <line number="50" hits="1" branch="false" />
            <line number="51" hits="2" branch="false" />
            <line number="52" hits="3" branch="false" />
            <line number="53" hits="4" branch="false" />
            <line number="54" hits="5" branch="false" />
            <line number="55" hits="1" branch="false" />
            <line number="56" hits="2" branch="false" />
            <line number="57" hits="3" branch="false" />
            <line number="58" hits="4" branch="false" />
            <line number="59" hits="0" branch="false" />
            <line number="60" hits="0" branch="false" />
          </lines>
        </class>
      </classes>
    </package>
    <package name="src.echo_chamber.api" line-rate="0.97" branch-rate="0.93" complexity="0">
      <classes>
        <class name="__init__.py" filename="src/echo_chamber/api/__init__.py" complexity="0" branch-rate="0.98" line-rate="1.00">
          <methods />
          <lines>
            <line number="1" hits="2" branch="false" />
            <line number="2" hits="3" branch="false" />
            <line number="3" hits="4" branch="false" />
            <line number="4" hits="5" branch="false" />
          </lines>
        </class>
        <class name="routes.py" filename="src/echo_chamber/api/routes.py" complexity="0" branch-rate="0.93" line-rate="0.95">
          <methods />
          <lines>
            <line number="1" hits="2" branch="false" />
            <line number="2" hits="3" branch="false" />
            <line number="3" hits="4" branch="false" />
            <line number="4" hits="5" branch="false" />
            <line number="5" hits="1" branch="false" />
            <line number="6" hits="2" branch="false" />
            <line number="7" hits="3" branch="false" />
            <line number="8" hits="4" branch="false" />
            <line number="9" hits="5" branch="false" />
            <line number="10" hits="1" branch="false" />
            <line number="11" hits="2" branch="false" />
            <line number="12" hits="3" branch="false" />
            <line number="13" hits="4" branch="false" />
            <line number="14" hits="5" branch="false" />
            <line number="15" hits="1" branch="false" />
            <line number="16" hits="2" branch="false" />
            <line number="17" hits="3" branch="false" />
            <line number="18" hits="4" branch="false" />
            <line number="19" hits="5" branch="false" />
            <line number="20" hits="1" branch="false" />
            <line number="21" hits="2" branch="false" />
            <line number="22" hits="3" branch="false" />
            <line number="23" hits="4" branch="false" />
            <line number="24" hits="5" branch="false" />
            <line number="25" hits="1" branch="false" />
            <line number="26" hits="2" branch="false" />
            <line number="27" hits="3" branch="false" />
            <line number="28" hits="4" branch="false" />
            <line number="29" hits="5" branch="false" />
            <line number="30" hits="1" branch="false" />
            <line number="31" hits="2" branch="false" />
            <line number="32" hits="3" branch="false" />
            <line number="33" hits="4" branch="false" />
            <line number="34" hits="5" branch="false" />
            <line number="35" hits="1" branch="false" />
            <line number="36" hits="2" branch="false" />
            <line number="37" hits="3" branch="false" />
            <line number="38" hits="4" branch="false" />
            <line number="39" hits="5" branch="false" />
            <line number="40" hits="1" branch="false" />
            <line number="41" hits="2" branch="false" />
            <line number="42" hits="3" branch="false" />
            <line number="43" hits="4" branch="false" />
            <line number="44" hits="5" branch="false" />
            <line number="45" hits="1" branch="false" />
            <line number="46" hits="2" branch="false" />
            <line number="47" hits="3" branch="false" />
            <line number="48" hits="4" branch="false" />
            <line number="49" hits="5" branch="false" />
            <line number="50" hits="1" branch="false" />
            <line number="51" hits="2" branch="false" />
            <line number="52" hits="3" branch="false" />
            <line number="53" hits="0" branch="false" />
            <line number="54" hits="0" branch="false" />
          </lines>
        </class>
      </classes>
    </package>
    <package name="tests" line-rate="0.95" branch-rate="0.93" complexity="0">
      <classes>
        <class name="conftest.py" filename="tests/conftest.py" complexity="0" branch-rate="0.98" line-rate="1.00">
          <methods />
          <lines>
            <line number="1" hits="2" branch="false" />
            <line number="2" hits="3" branch="false" />
            <line number="3" hits="4" branch="false" />
            <line number="4" hits="5" branch="false" />
            <line number="5" hits="1" branch="false" />
            <line number="6" hits="2" branch="false" />
            <line number="7" hits="3" branch="false" />
            <line number="8" hits="4" branch="false" />
            <line number="9" hits="5" branch="false" />
          </lines>
        </class>
        <class name="test_basic.py" filename="tests/test_basic.py" complexity="0" branch-rate="0.98" line-rate="1.00">
          <methods />
          <lines>
            <line number="1" hits="2" branch="false" />
            <line number="2" hits="3" branch="false" />
            <line number="3" hits="4" branch="false" />
            <line number="4" hits="5" branch="false" />
            <line number="5" hits="1" branch="false" />
            <line number="6" hits="2" branch="false" />
            <line number="7" hits="3" branch="false" />
            <line number="8" hits="4" branch="false" />
            <line number="9" hits="5" branch="false" />
            <line number="10" hits="1" branch="false" />
            <line number="11" hits="2" branch="false" />
            <line number="12" hits="3" branch="false" />
            <line number="13" hits="4" branch="false" />
            <line number="14" hits="5" branch="false" />
            <line number="15" hits="1" branch="false" />
            <line number="16" hits="2" branch="false" />
            <line number="17" hits="3" branch="false" />
            <line number="18" hits="4" branch="false" />
            <line number="19" hits="5" branch="false" />
            <line number="20" hits="1" branch="false" />
            <line number="21" hits="2" branch="false" />
            <line number="22" hits="3" branch="false" />
            <line number="23" hits="4" branch="false" />
            <line number="24" hits="5" branch="false" />
            <line number="25" hits="1" branch="false" />
            <line number="26" hits="2" branch="false" />
            <line number="27" hits="3" branch="false" />
            <line number="28" hits="4" branch="false" />
            <line number="29" hits="5" branch="false" />
            <line number="30" hits="1" branch="false" />
            <line number="31" hits="2" branch="false" />
            <line number="32" hits="3" branch="false" />
            <line number="33" hits="4" branch="false" />
            <line number="34" hits="5" branch="false" />
            <line number="35" hits="1" branch="false" />
            <line number="36" hits="2" branch="false" />
            <line number="37" hits="3" branch="false" />
            <line number="38" hits="4" branch="false" />
            <line number="39" hits="5" branch="false" />
            <line number="40" hits="1" branch="false" />
            <line number="41" hits="2" branch="false" />
            <line number="42" hits="3" branch="false" />
            <line number="43" hits="4" branch="false" />
            <line number="44" hits="5" branch="false" />
            <line number="45" hits="1" branch="false" />
            <line number="46" hits="2" branch="false" />
            <line number="47" hits="3" branch="false" />
            <line number="48" hits="4" branch="false" />
            <line number="49" hits="5" branch="false" />
            <line number="50" hits="1" branch="false" />
            <line number="51" hits="2" branch="false" />
            <line number="52" hits="3" branch="false" />
            <line number="53" hits="4" branch="false" />
            <line number="54" hits="5" branch="false" />
            <line number="55" hits="1" branch="false" />
            <line number="56" hits="2" branch="false" />
            <line number="57" hits="3" branch="false" />
            <line number="58" hits="4" branch="false" />
            <line number="59" hits="5" branch="false" />
            <line number="60" hits="1" branch="false" />
            <line number="61" hits="2" branch="false" />
            <line number="62" hits="3" branch="false" />
            <line number="63" hits="4" branch="false" />
            <line number="64" hits="5" branch="false" />
            <line number="65" hits="1" branch="false" />
            <line number="66" hits="2" branch="false" />
            <line number="67" hits="3" branch="false" />
            <line number="68" hits="4" branch="false" />
            <line number="69" hits="5" branch="false" />
            <line number="70" hits="1" branch="false" />
            <line number="71" hits="2" branch="false" />
            <line number="72" hits="3" branch="false" />
            <line number="73" hits="4" branch="false" />
            <line number="74" hits="5" branch="false" />
            <line number="75" hits="1" branch="false" />
            <line number="76" hits="2" branch="false" />
            <line number="77" hits="3" branch="false" />
            <line number="78" hits="4" branch="false" />
            <line number="79" hits="5" branch="false" />
            <line number="80" hits="1" branch="false" />
            <line number="81" hits="2" branch="false" />
            <line number="82" hits="3" branch="false" />
            <line number="83" hits="4" branch="false" />
            <line number="84" hits="5" branch="false" />
            <line number="85" hits="1" branch="false" />
            <line number="86" hits="2" branch="false" />
            <line number="87" hits="3" branch="false" />
            <line number="88" hits="4" branch="false" />
            <line number="89" hits="5" branch="false" />
            <line number="90" hits="1" branch="false" />
            <line number="91" hits="2" branch="false" />
            <line number="92" hits="3" branch="false" />
            <line number="93" hits="4" branch="false" />
            <line number="94" hits="5" branch="false" />
            <line number="95" hits="1" branch="false" />
            <line number="96" hits="2" branch="false" />
            <line number="97" hits="3" branch="false" />
            <line number="98" hits="4" branch="false" />
            <line number="99" hits="5" branch="false" />
            <line number="100" hits="1" branch="false" />
            <line number="101" hits="2" branch="false" />
            <line number="102" hits="3" branch="false" />
            <line number="103" hits="4" branch="false" />
            <line number="104" hits="5" branch="false" />
            <line number="105" hits="1" branch="false" />
            <line number="106" hits="2" branch="false" />
            <line number="107" hits="3" branch="false" />
            <line number="108" hits="4" branch="false" />
            <line number="109" hits="5" branch="false" />
            <line number="110" hits="1" branch="false" />
            <line number="111" hits="2" branch="false" />
            <line number="112" hits="3" branch="false" />
            <line number="113" hits="4" branch="false" />
            <line number="114" hits="5" branch="false" />
            <line number="115" hits="1" branch="false" />
            <line number="116" hits="2" branch="false" />
            <line number="117" hits="3" branch="false" />
            <line number="118" hits="4" branch="false" />
            <line number="119" hits="5" branch="false" />
            <line number="120" hits="1" branch="false" />
            <line number="121" hits="2" branch="false" />
            <line number="122" hits="3" branch="false" />
            <line number="123" hits="4" branch="false" />
            <line number="124" hits="5" branch="false" />
            <line number="125" hits="1" branch="false" />
            <line number="126" hits="2" branch="false" />
            <line number="127" hits="3" branch="false" />
            <line number="128" hits="4" branch="false" />
            <line number="129" hits="5" branch="false" />
            <line number="130" hits="1" branch="false" />
            <line number="131" hits="2" branch="false" />
            <line number="132" hits="3" branch="false" />
            <line number="133" hits="4" branch="false" />
            <line number="134" hits="5" branch="false" />
            <line number="135" hits="1" branch="false" />
            <line number="136" hits="2" branch="false" />
            <line number="137" hits="3" branch="false" />
            <line number="138" hits="4" branch="false" />
            <line number="139" hits="5" branch="false" />
            <line number="140" hits="1" branch="false" />
            <line number="141" hits="2" branch="false" />
            <line number="142" hits="3" branch="false" />
            <line number="143" hits="4" branch="false" />
            <line number="144" hits="5" branch="false" />
            <line number="145" hits="1" branch="false" />
            <line number="146" hits="2" branch="false" />
            <line number="147" hits="3" branch="false" />
            <line number="148" hits="4" branch="false" />
            <line number="149" hits="5" branch="false" />
            <line number="150" hits="1" branch="false" />
            <line number="151" hits="2" branch="false" />
            <line number="152" hits="3" branch="false" />
            <line number="153" hits="4" branch="false" />
            <line number="154" hits="5" branch="false" />
            <line number="155" hits="1" branch="false" />
            <line number="156" hits="2" branch="false" />
            <line number="157" hits="3" branch="false" />
            <line number="158" hits="4" branch="false" />
            <line number="159" hits="5" branch="false" />
            <line number="160" hits="1" branch="false" />
            <line number="161" hits="2" branch="false" />
            <line number="162" hits="3" branch="false" />
            <line number="163" hits="4" branch="false" />
            <line number="164" hits="5" branch="false" />
            <line number="165" hits="1" branch="false" />
            <line number="166" hits="2" branch="false" />
            <line number="167" hits="3" branch="false" />
            <line number="168" hits="4" branch="false" />
            <line number="169" hits="5" branch="false" />
            <line number="170" hits="1" branch="false" />
            <line number="171" hits="2" branch="false" />
            <line number="172" hits="3" branch="false" />
            <line number="173" hits="4" branch="false" />
            <line number="174" hits="5" branch="false" />
            <line number="175" hits="1" branch="false" />
            <line number="176" hits="2" branch="false" />
            <line number="177" hits="3" branch="false" />
            <line number="178" hits="4" branch="false" />
            <line number="179" hits="5" branch="false" />
            <line number="180" hits="1" branch="false" />
            <line number="181" hits="2" branch="false" />
            <line number="182" hits="3" branch="false" />
            <line number="183" hits="4" branch="false" />
            <line number="184" hits="5" branch="false" />
            <line number="185" hits="1" branch="false" />
            <line number="186" hits="2" branch="false" />
            <line number="187" hits="3" branch="false" />
            <line number="188" hits="4" branch="false" />
            <line number="189" hits="5" branch="false" />
            <line number="190" hits="1" branch="false" />
            <line number="191" hits="2" branch="false" />
            <line number="192" hits="3" branch="false" />
            <line number="193" hits="4" branch="false" />
            <line number="194" hits="5" branch="false" />
            <line number="195" hits="1" branch="false" />
            <line number="196" hits="2" branch="false" />
            <line number="197" hits="3" branch="false" />
            <line number="198" hits="4" branch="false" />
            <line number="199" hits="5" branch="false" />
            <line number="200" hits="1" branch="false" />
            <line number="201" hits="2" branch="false" />
            <line number="202" hits="3" branch="false" />
            <line number="203" hits="4" branch="false" />
            <line number="204" hits="5" branch="false" />
            <line number="205" hits="1" branch="false" />
            <line number="206" hits="2" branch="false" />
            <line number="207" hits="3" branch="false" />
            <line number="208" hits="4" branch="false" />
            <line number="209" hits="5" branch="false" />
            <line number="210" hits="1" branch="false" />
            <line number="211" hits="2" branch="false" />
            <line number="212" hits="3" branch="false" />
            <line number="213" hits="4" branch="false" />
            <line number="214" hits="5" branch="false" />
            <line number="215" hits="1" branch="false" />
            <line number="216" hits="2" branch="false" />
            <line number="217" hits="3" branch="false" />
            <line number="218" hits="4" branch="false" />
            <line number="219" hits="5" branch="false" />
            <line number="220" hits="1" branch="false" />
            <line number="221" hits="2" branch="false" />
            <line number="222" hits="3" branch="false" />
            <line number="223" hits="4" branch="false" />
            <line number="224" hits="5" branch="false" />
            <line number="225" hits="1" branch="false" />
            <line number="226" hits="2" branch="false" />
            <line number="227" hits="3" branch="false" />
            <line number="228" hits="4" branch="false" />
            <line number="229" hits="5" branch="false" />
            <line number="230" hits="1" branch="false" />
            <line number="231" hits="2" branch="false" />
            <line number="232" hits="3" branch="false" />
            <line number="233" hits="4" branch="false" />
            <line number="234" hits="5" branch="false" />
            <line number="235" hits="1" branch="false" />
            <line number="236" hits="2" branch="false" />
            <line number="237" hits="3" branch="false" />
            <line number="238" hits="4" branch="false" />
            <line number="239" hits="5" branch="false" />
            <line number="240" hits="1" branch="false" />
            <line number="241" hits="2" branch="false" />
            <line number="242" hits="3" branch="false" />
            <line number="243" hits="4" branch="false" />
            <line number="244" hits="5" branch="false" />
            <line number="245" hits="1" branch="false" />
            <line number="246" hits="2" branch="false" />
            <line number="247" hits="3" branch="false" />
            <line number="248" hits="4" branch="false" />
            <line number="249" hits="5" branch="false" />
            <line number="250" hits="1" branch="false" />
            <line number="251" hits="2" branch="false" />
            <line number="252" hits="3" branch="false" />
            <line number="253" hits="4" branch="false" />
            <line number="254" hits="5" branch="false" />
            <line number="255" hits="1" branch="false" />
            <line number="256" hits="2" branch="false" />
            <line number="257" hits="3" branch="false" />
            <line number="258" hits="4" branch="false" />
            <line number="259" hits="5" branch="false" />
            <line number="260" hits="1" branch="false" />
            <line number="261" hits="2" branch="false" />
            <line number="262" hits="3" branch="false" />
            <line number="263" hits="4" branch="false" />
            <line number="264" hits="5" branch="false" />
            <line number="265" hits="1" branch="false" />
            <line number="266" hits="2" branch="false" />
            <line number="267" hits="3" branch="false" />
            <line number="268" hits="4" branch="false" />
            <line number="269" hits="5" branch="false" />
            <line number="270" hits="1" branch="false" />
            <line number="271" hits="2" branch="false" />
            <line number="272" hits="3" branch="false" />
            <line number="273" hits="4" branch="false" />
            <line number="274" hits="5" branch="false" />
            <line number="275" hits="1" branch="false" />
            <line number="276" hits="2" branch="false" />
            <line number="277" hits="3" branch="false" />
            <line number="278" hits="4" branch="false" />
            <line number="279" hits="5" branch="false" />
            <line number="280" hits="1" branch="false" />
            <line number="281" hits="2" branch="false" />
            <line number="282" hits="3" branch="false" />
            <line number="283" hits="4" branch="false" />
            <line number="284" hits="5" branch="false" />
            <line number="285" hits="1" branch="false" />
            <line number="286" hits="2" branch="false" />
            <line number="287" hits="3" branch="false" />
            <line number="288" hits="4" branch="false" />
            <line number="289" hits="5" branch="false" />
            <line number="290" hits="1" branch="false" />
            <line number="291" hits="2" branch="false" />
            <line number="292" hits="3" branch="false" />
            <line number="293" hits="4" branch="false" />
            <line number="294" hits="5" branch="false" />
            <line number="295" hits="1" branch="false" />
            <line number="296" hits="2" branch="false" />
            <line number="297" hits="3" branch="false" />
            <line number="298" hits="4" branch="false" />
          </lines>
        </class>
      </classes>
    </package>
  </packages>
</coverage>